<?xml version="1.0" encoding="UTF-8"?>
<!-- Generated by org.testng.reporters.JUnitReportReporter -->
<testsuite hostname="AditiSai" failures="0" tests="1" name="com.pageObjects.ProductPage" time="9.321" errors="0" timestamp="2022-05-18T19:05:13 PDT" skipped="0">
  <testcase classname="com.pageObjects.ProductPage" name="selectItems" time="9.321"/>
  <system-out/>
</testsuite> <!-- com.pageObjects.ProductPage -->
