<?xml version="1.0" encoding="UTF-8"?>
<!-- Generated by org.testng.reporters.JUnitReportReporter -->
<testsuite hostname="AditiSai" failures="0" tests="1" name="com.pageTest.logInPageActions" time="2.270" errors="0" timestamp="2022-05-20T02:08:40 PDT" skipped="0">
  <testcase classname="com.pageTest.logInPageActions" name="logInPageCredentials" time="2.270"/>
  <system-out/>
</testsuite> <!-- com.pageTest.logInPageActions -->
