<?xml version="1.0" encoding="UTF-8"?>
<!-- Generated by org.testng.reporters.JUnitReportReporter -->
<testsuite hostname="AditiSai" failures="0" tests="3" name="com.pageObjects.ProductPage" time="13.731" errors="0" timestamp="2022-05-18T22:23:38 PDT" skipped="0">
  <testcase classname="com.pageObjects.ProductPage" name="selectItems" time="10.639"/>
  <system-out/>
  <testcase classname="com.pageObjects.ProductPage" name="GotoCart" time="0.038"/>
  <system-out/>
  <testcase classname="com.pageObjects.ProductPage" name="BackToProductPage" time="3.054"/>
  <system-out/>
</testsuite> <!-- com.pageObjects.ProductPage -->
